#
# There is insufficient memory for the Java Runtime Environment to continue.
# Native memory allocation (malloc) failed to allocate 1048576 bytes for AllocateHeap
# Possible reasons:
#   The system is out of physical RAM or swap space
#   The process is running with CompressedOops enabled, and the Java Heap may be blocking the growth of the native heap
# Possible solutions:
#   Reduce memory load on the system
#   Increase physical memory or swap space
#   Check if swap backing store is full
#   Decrease Java heap size (-Xmx/-Xms)
#   Decrease number of Java threads
#   Decrease Java thread stack sizes (-Xss)
#   Set larger code cache with -XX:ReservedCodeCacheSize=
#   JVM is running with Unscaled Compressed Oops mode in which the Java heap is
#     placed in the first 4GB address space. The Java Heap base address is the
#     maximum limit for the native heap growth. Please use -XX:HeapBaseMinAddress
#     to set the Java Heap base and to place the Java Heap above 4GB virtual address.
# This output file may be truncated or incomplete.
#
#  Out of Memory Error (./open/src/hotspot/share/memory/allocation.cpp:46), pid=740, tid=2152
#
# JRE version:  (11.0.16+11) (build )
# Java VM: Java HotSpot(TM) 64-Bit Server VM (11.0.16+11-LTS-199, mixed mode, sharing, tiered, compressed oops, g1 gc, windows-amd64)
# No core dump will be written. Minidumps are not enabled by default on client versions of Windows
#

---------------  S U M M A R Y ------------

Command Line: -Xmx64m -Xms64m -Dorg.gradle.appname=gradlew org.gradle.wrapper.GradleWrapperMain app:installDebug -PreactNativeDevServerPort=8081

Host: Intel(R) Core(TM) i5-9500 CPU @ 3.00GHz, 6 cores, 15G,  Windows 11 , 64 bit Build 22000 (10.0.22000.1335)
Time: Wed Dec 21 13:43:37 2022 SE Asia Standard Time elapsed time: 0.062465 seconds (0d 0h 0m 0s)

---------------  T H R E A D  ---------------

Current thread (0x000001c36c27e800):  JavaThread "Unknown thread" [_thread_in_vm, id=2152, stack(0x00000096e8a00000,0x00000096e8b00000)]

Stack: [0x00000096e8a00000,0x00000096e8b00000]
Native frames: (J=compiled Java code, j=interpreted, Vv=VM code, C=native code)
V  [jvm.dll+0x62a3ea]
V  [jvm.dll+0x76418f]
V  [jvm.dll+0x765839]
V  [jvm.dll+0x765ec3]
V  [jvm.dll+0x23da98]
V  [jvm.dll+0xb1494]
V  [jvm.dll+0x2cbfb8]
V  [jvm.dll+0x73e747]
V  [jvm.dll+0x73ffef]
V  [jvm.dll+0x346ef9]
V  [jvm.dll+0x723f90]
V  [jvm.dll+0x3b5adf]
V  [jvm.dll+0x3b7bf1]
C  [jli.dll+0x5207]
C  [ucrtbase.dll+0x26c0c]
C  [KERNEL32.DLL+0x155a0]
C  [ntdll.dll+0x485b]


---------------  P R O C E S S  ---------------

Threads class SMR info:
_java_thread_list=0x000001c36a054c40, length=0, elements={
}

Java Threads: ( => current thread )

Other Threads:

=>0x000001c36c27e800 (exited) JavaThread "Unknown thread" [_thread_in_vm, id=2152, stack(0x00000096e8a00000,0x00000096e8b00000)]

Threads with active compile tasks:

VM state:not at safepoint (not fully initialized)

VM Mutex/Monitor currently owned by a thread: None


[error occurred during error reporting (printing compressed oops mode), id 0xc0000005, EXCEPTION_ACCESS_VIOLATION (0xc0000005) at pc=0x00007ff8c5f1f637]

GC Heap History (0 events):
No events

Deoptimization events (0 events):
No events

Classes redefined (0 events):
No events

Internal exceptions (0 events):
No events

Events (0 events):
No events


Dynamic libraries:
0x00007ff7f3200000 - 0x00007ff7f320f000 	C:\Program Files\Java\jdk-11.0.16\bin\java.exe
0x00007ff9702e0000 - 0x00007ff9704e9000 	C:\WINDOWS\SYSTEM32\ntdll.dll
0x00007ff96e9f0000 - 0x00007ff96eaae000 	C:\WINDOWS\System32\KERNEL32.DLL
0x00007ff96d9b0000 - 0x00007ff96dd2b000 	C:\WINDOWS\System32\KERNELBASE.dll
0x00007ff96dda0000 - 0x00007ff96deb1000 	C:\WINDOWS\System32\ucrtbase.dll
0x00007ff8ec530000 - 0x00007ff8ec545000 	C:\Program Files\Java\jdk-11.0.16\bin\VCRUNTIME140.dll
0x00007ff8e8e70000 - 0x00007ff8e8e88000 	C:\Program Files\Java\jdk-11.0.16\bin\jli.dll
0x00007ff96ed70000 - 0x00007ff96ee1e000 	C:\WINDOWS\System32\ADVAPI32.dll
0x00007ff96eff0000 - 0x00007ff96f093000 	C:\WINDOWS\System32\msvcrt.dll
0x00007ff96e520000 - 0x00007ff96e5be000 	C:\WINDOWS\System32\sechost.dll
0x00007ff96ebc0000 - 0x00007ff96ece0000 	C:\WINDOWS\System32\RPCRT4.dll
0x00007ff96f310000 - 0x00007ff96f4bd000 	C:\WINDOWS\System32\USER32.dll
0x00007ff95cec0000 - 0x00007ff95d165000 	C:\WINDOWS\WinSxS\amd64_microsoft.windows.common-controls_6595b64144ccf1df_6.0.22000.120_none_9d947278b86cc467\COMCTL32.dll
0x00007ff96dec0000 - 0x00007ff96dee6000 	C:\WINDOWS\System32\win32u.dll
0x00007ff96f4c0000 - 0x00007ff96f4e9000 	C:\WINDOWS\System32\GDI32.dll
0x00007ff96def0000 - 0x00007ff96e008000 	C:\WINDOWS\System32\gdi32full.dll
0x00007ff96e090000 - 0x00007ff96e12d000 	C:\WINDOWS\System32\msvcp_win.dll
0x00007ff9696c0000 - 0x00007ff9696ca000 	C:\WINDOWS\SYSTEM32\VERSION.dll
0x00007ff96e5c0000 - 0x00007ff96e5f2000 	C:\WINDOWS\System32\IMM32.DLL
0x00007ff8e8bb0000 - 0x00007ff8e8c4b000 	C:\Program Files\Java\jdk-11.0.16\bin\msvcp140.dll
0x00007ff8c57e0000 - 0x00007ff8c62f8000 	C:\Program Files\Java\jdk-11.0.16\bin\server\jvm.dll
0x00007ff96e490000 - 0x00007ff96e498000 	C:\WINDOWS\System32\PSAPI.DLL
0x00007ff96a090000 - 0x00007ff96a099000 	C:\WINDOWS\SYSTEM32\WSOCK32.dll
0x00007ff96e130000 - 0x00007ff96e19f000 	C:\WINDOWS\System32\WS2_32.dll
0x00007ff95f630000 - 0x00007ff95f663000 	C:\WINDOWS\SYSTEM32\WINMM.dll
0x00007ff96c7c0000 - 0x00007ff96c7d8000 	C:\WINDOWS\SYSTEM32\kernel.appcore.dll
0x00007ff939bc0000 - 0x00007ff939bd0000 	C:\Program Files\Java\jdk-11.0.16\bin\verify.dll
0x00007ff95ff70000 - 0x00007ff960191000 	C:\WINDOWS\SYSTEM32\DBGHELP.DLL
0x00007ff95fdb0000 - 0x00007ff95fde1000 	C:\WINDOWS\SYSTEM32\dbgcore.DLL
0x00007ff96e010000 - 0x00007ff96e08f000 	C:\WINDOWS\System32\bcryptPrimitives.dll
0x00007ff8e8e40000 - 0x00007ff8e8e68000 	C:\Program Files\Java\jdk-11.0.16\bin\java.dll
0x00007ff939530000 - 0x00007ff93953a000 	C:\Program Files\Java\jdk-11.0.16\bin\jimage.dll
0x00007ff8e8e20000 - 0x00007ff8e8e36000 	C:\Program Files\Java\jdk-11.0.16\bin\zip.dll

dbghelp: loaded successfully - version: 4.0.5 - missing functions: none
symbol engine: initialized successfully - sym options: 0x614 - pdb path: .;C:\Program Files\Java\jdk-11.0.16\bin;C:\WINDOWS\SYSTEM32;C:\WINDOWS\WinSxS\amd64_microsoft.windows.common-controls_6595b64144ccf1df_6.0.22000.120_none_9d947278b86cc467;C:\Program Files\Java\jdk-11.0.16\bin\server

VM Arguments:
jvm_args: -Xmx64m -Xms64m -Dorg.gradle.appname=gradlew 
java_command: org.gradle.wrapper.GradleWrapperMain app:installDebug -PreactNativeDevServerPort=8081
java_class_path (initial): D:\KUY-Learn\Ecommerce\JersiOnline\android\\gradle\wrapper\gradle-wrapper.jar
Launcher Type: SUN_STANDARD

[Global flags]
     intx CICompilerCount                          = 3                                         {product} {ergonomic}
     uint G1ConcRefinementThreads                  = 6                                         {product} {ergonomic}
   size_t G1HeapRegionSize                         = 1048576                                   {product} {ergonomic}
    uintx GCDrainStackTargetSize                   = 64                                        {product} {ergonomic}
   size_t InitialHeapSize                          = 67108864                                  {product} {command line}
   size_t MaxHeapSize                              = 67108864                                  {product} {command line}
   size_t MinHeapDeltaBytes                        = 1048576                                   {product} {ergonomic}
    uintx NonNMethodCodeHeapSize                   = 5830732                                {pd product} {ergonomic}
    uintx NonProfiledCodeHeapSize                  = 122913754                              {pd product} {ergonomic}
    uintx ProfiledCodeHeapSize                     = 122913754                              {pd product} {ergonomic}
    uintx ReservedCodeCacheSize                    = 251658240                              {pd product} {ergonomic}
     bool SegmentedCodeCache                       = true                                      {product} {ergonomic}
     bool UseCompressedClassPointers               = true                                 {lp64_product} {ergonomic}
     bool UseCompressedOops                        = true                                 {lp64_product} {ergonomic}
     bool UseG1GC                                  = true                                      {product} {ergonomic}
     bool UseLargePagesIndividualAllocation        = false                                  {pd product} {ergonomic}

Logging:
Log output configuration:
 #0: stdout all=warning uptime,level,tags
 #1: stderr all=off uptime,level,tags

Environment Variables:
JAVA_HOME=C:\Program Files\Java\jdk-11.0.16
CLASSPATH=D:\KUY-Learn\Ecommerce\JersiOnline\android\\gradle\wrapper\gradle-wrapper.jar
PATH=D:\kuy-learn\ecommerce\jersionline\android\node_modules\.bin;D:\kuy-learn\ecommerce\jersionline\node_modules\.bin;D:\kuy-learn\ecommerce\node_modules\.bin;D:\kuy-learn\node_modules\.bin;D:\node_modules\.bin;C:\Program Files\nodejs;D:\kuy-learn\ecommerce\jersionline\node_modules\.bin;D:\kuy-learn\ecommerce\jersionline\node_modules\.bin;D:\kuy-learn\ecommerce\node_modules\.bin;D:\kuy-learn\node_modules\.bin;D:\node_modules\.bin;C:\Users\PC-MMDS-02-B\AppData\Roaming\nvm\v19.0.0\node_modules\npm\node_modules\@npmcli\run-script\lib\node-gyp-bin;C:\Program Files\Common Files\Oracle\Java\javapath;C:\Python27\;C:\Python27\Scripts;C:\Program Files\Microsoft MPI\Bin\;C:\WINDOWS\system32;C:\WINDOWS;C:\WINDOWS\System32\Wbem;C:\WINDOWS\System32\WindowsPowerShell\v1.0\;C:\WINDOWS\System32\OpenSSH\;C:\Program Files (x86)\Microsoft SQL Server\140\Tools\Binn\;C:\Program Files\Microsoft SQL Server\140\Tools\Binn\;C:\Program Files (x86)\Microsoft SQL Server\140\DTS\Binn\;C:\Program Files\Microsoft SQL Server\140\DTS\Binn\;C:\Program Files\Microsoft SQL Server\Client SDK\ODBC\130\Tools\Binn\;C:\Program Files\Java\jdk-11.0.16\bin;C:\Program Files (x86)\Microsoft SQL Server\150\DTS\Binn\;C:\Program Files\Azure Data Studio\bin;C:\apache-maven-3.6.3\bin;C:\xampp\php;C:\ProgramData\ComposerSetup\bin;C:\Program Files\dotnet\;C:\Program Files\Microsoft SQL Server\130\Tools\Binn\;C:\Program Files (x86)\dotnet\;C:\Program Files (x86)\NetSarang\Xshell 7\;C:\Program Files\Microsoft SQL Server\Client SDK\ODBC\170\Tools\Binn\;C:\Program Files (x86)\Microsoft Visual Studio\2019\Community\MSBuild\Current\Bin\Roslyn;C:\Program Files\PuTTY\;C:\ProgramData\chocolatey\bin;C:\Program Files\Java\jdk-11.0.16;C:\Users\PC-MMDS-02-B\AppData\Local\Android\Sdk\platform-tools;C:\Users\PC-MMDS-02-B\AppData\Roaming\nvm;C:\Program Files\nodejs;C:\Program Files\Git\cmd;C:\Users\PC-MMDS-02-B\AppData\Local\Microsoft\WindowsApps;C:\Users\PC-MMDS-02-B\AppData\Roaming\Composer\vendor\bin;C:\Users\PC-MMDS-02-B\AppData\Lo
USERNAME=PC-MMDS-02
OS=Windows_NT
PROCESSOR_IDENTIFIER=Intel64 Family 6 Model 158 Stepping 10, GenuineIntel



---------------  S Y S T E M  ---------------

OS: Windows 11 , 64 bit Build 22000 (10.0.22000.1335)
Hyper-V role detected

CPU:total 6 (initial active 6) (6 cores per cpu, 1 threads per core) family 6 model 158 stepping 10 microcode 0xde, cmov, cx8, fxsr, mmx, sse, sse2, sse3, ssse3, sse4.1, sse4.2, popcnt, avx, avx2, aes, clmul, erms, rtm, 3dnowpref, lzcnt, tsc, tscinvbit, bmi1, bmi2, adx, fma

Memory: 4k page, system-wide physical 16251M (4419M free)
TotalPageFile size 19178M (AvailPageFile size 5M)
current process WorkingSet (physical memory assigned to process): 9M, peak: 9M
current process commit charge ("private bytes"): 16M, peak: 16M

vm_info: Java HotSpot(TM) 64-Bit Server VM (11.0.16+11-LTS-199) for windows-amd64 JRE (11.0.16+11-LTS-199), built on Jun 28 2022 08:23:17 by "mach5one" with MS VC++ 15.9 (VS2017)

END.
